<?xml version="1.0" encoding="UTF-8"?>
<testng-results skipped="0" failed="1" ignored="0" total="9" passed="8">
  <reporter-output>
  </reporter-output>
  <suite name="Suite" duration-ms="48843" started-at="2021-07-08T07:41:27Z" finished-at="2021-07-08T07:42:15Z">
    <groups>
    </groups>
    <test name="openflipcarttest" duration-ms="33395" started-at="2021-07-08T07:41:27Z" finished-at="2021-07-08T07:42:00Z">
      <class name="flipcarttests.openflipcarttest">
        <test-method status="PASS" signature="googlepage()[pri:0, instance:flipcarttests.openflipcarttest@685cb137]" name="googlepage" is-config="true" duration-ms="21242" started-at="2021-07-08T13:11:27Z" finished-at="2021-07-08T13:11:48Z">
          <reporter-output>
          </reporter-output>
        </test-method> <!-- googlepage -->
        <test-method status="PASS" signature="googlesearch()[pri:0, instance:flipcarttests.openflipcarttest@685cb137]" name="googlesearch" duration-ms="927" started-at="2021-07-08T13:11:48Z" finished-at="2021-07-08T13:11:49Z">
          <reporter-output>
          </reporter-output>
        </test-method> <!-- googlesearch -->
        <test-method status="PASS" signature="googlesearchfound()[pri:0, instance:flipcarttests.openflipcarttest@685cb137]" name="googlesearchfound" duration-ms="554" started-at="2021-07-08T13:11:49Z" finished-at="2021-07-08T13:11:49Z">
          <reporter-output>
          </reporter-output>
        </test-method> <!-- googlesearchfound -->
        <test-method status="PASS" signature="onflipkartsite()[pri:1, instance:flipcarttests.openflipcarttest@685cb137]" name="onflipkartsite" duration-ms="7818" started-at="2021-07-08T13:11:49Z" finished-at="2021-07-08T13:11:57Z">
          <reporter-output>
          </reporter-output>
        </test-method> <!-- onflipkartsite -->
        <test-method status="PASS" signature="closeloginwindow()[pri:2, instance:flipcarttests.openflipcarttest@685cb137]" name="closeloginwindow" duration-ms="502" started-at="2021-07-08T13:11:57Z" finished-at="2021-07-08T13:11:58Z">
          <reporter-output>
          </reporter-output>
        </test-method> <!-- closeloginwindow -->
        <test-method status="PASS" signature="gotoAppliances()[pri:3, instance:flipcarttests.openflipcarttest@685cb137]" name="gotoAppliances" duration-ms="2287" started-at="2021-07-08T13:11:58Z" finished-at="2021-07-08T13:12:00Z">
          <reporter-output>
          </reporter-output>
        </test-method> <!-- gotoAppliances -->
      </class> <!-- flipcarttests.openflipcarttest -->
    </test> <!-- openflipcarttest -->
    <test name="Compareproducttest" duration-ms="5285" started-at="2021-07-08T07:42:00Z" finished-at="2021-07-08T07:42:06Z">
      <class name="flipcarttests.Compareproducttest">
        <test-method status="PASS" signature="googlepage()[pri:0, instance:flipcarttests.Compareproducttest@14bf9759]" name="googlepage" is-config="true" duration-ms="23" started-at="2021-07-08T13:12:00Z" finished-at="2021-07-08T13:12:00Z">
          <reporter-output>
          </reporter-output>
        </test-method> <!-- googlepage -->
        <test-method status="PASS" signature="compareproducts()[pri:1, instance:flipcarttests.Compareproducttest@14bf9759]" name="compareproducts" duration-ms="3490" started-at="2021-07-08T13:12:00Z" finished-at="2021-07-08T13:12:04Z">
          <reporter-output>
          </reporter-output>
        </test-method> <!-- compareproducts -->
        <test-method status="PASS" signature="compareproduct()[pri:2, instance:flipcarttests.Compareproducttest@14bf9759]" name="compareproduct" duration-ms="240" started-at="2021-07-08T13:12:04Z" finished-at="2021-07-08T13:12:04Z">
          <reporter-output>
          </reporter-output>
        </test-method> <!-- compareproduct -->
        <test-method status="PASS" signature="Printproductprice()[pri:3, instance:flipcarttests.Compareproducttest@14bf9759]" name="Printproductprice" duration-ms="1519" started-at="2021-07-08T13:12:04Z" finished-at="2021-07-08T13:12:06Z">
          <reporter-output>
          </reporter-output>
        </test-method> <!-- Printproductprice -->
      </class> <!-- flipcarttests.Compareproducttest -->
    </test> <!-- Compareproducttest -->
    <test name="Addtocart" duration-ms="9929" started-at="2021-07-08T07:42:06Z" finished-at="2021-07-08T07:42:15Z">
      <class name="flipcarttests.Addtocart">
        <test-method status="PASS" signature="googlepage()[pri:0, instance:flipcarttests.Addtocart@3fee9989]" name="googlepage" is-config="true" duration-ms="41" started-at="2021-07-08T13:12:06Z" finished-at="2021-07-08T13:12:06Z">
          <reporter-output>
          </reporter-output>
        </test-method> <!-- googlepage -->
        <test-method status="FAIL" signature="addToCart()[pri:1, instance:flipcarttests.Addtocart@3fee9989]" name="addToCart" duration-ms="9813" started-at="2021-07-08T13:12:06Z" finished-at="2021-07-08T13:12:15Z">
          <exception class="org.openqa.selenium.StaleElementReferenceException">
            <message>
              <![CDATA[stale element reference: element is not attached to the page document
  (Session info: chrome=87.0.4280.88)
For documentation on this error, please visit: http://seleniumhq.org/exceptions/stale_element_reference.html
Build info: version: '3.5.3', revision: 'a88d25fe6b', time: '2017-08-29T12:42:44.417Z'
System info: host: 'Samsung', ip: '127.0.1.1', os.name: 'Linux', os.arch: 'amd64', os.version: '4.13.0-36-generic', java.version: '1.8.0_292'
Driver info: org.openqa.selenium.chrome.ChromeDriver
Capabilities [{networkConnectionEnabled=false, chrome={chromedriverVersion=87.0.4280.88 (89e2380a3e36c3464b5dd1302349b1382549290d-refs/branch-heads/4280@{#1761}), userDataDir=/tmp/.com.google.Chrome.cCKXJz}, timeouts={implicit=0, pageLoad=300000, script=30000}, pageLoadStrategy=normal, unhandledPromptBehavior=dismiss and notify, strictFileInteractability=false, platform=LINUX, proxy=Proxy(), goog:chromeOptions={debuggerAddress=localhost:35521}, acceptInsecureCerts=false, browserVersion=87.0.4280.88, browserName=chrome, javascriptEnabled=true, platformName=LINUX, setWindowRect=true, webauthn:virtualAuthenticators=true}]
Session ID: 57bd1e288ccbb7da4ed37d354078fe59]]>
            </message>
            <full-stacktrace>
              <![CDATA[org.openqa.selenium.StaleElementReferenceException: stale element reference: element is not attached to the page document
  (Session info: chrome=87.0.4280.88)
For documentation on this error, please visit: http://seleniumhq.org/exceptions/stale_element_reference.html
Build info: version: '3.5.3', revision: 'a88d25fe6b', time: '2017-08-29T12:42:44.417Z'
System info: host: 'Samsung', ip: '127.0.1.1', os.name: 'Linux', os.arch: 'amd64', os.version: '4.13.0-36-generic', java.version: '1.8.0_292'
Driver info: org.openqa.selenium.chrome.ChromeDriver
Capabilities [{networkConnectionEnabled=false, chrome={chromedriverVersion=87.0.4280.88 (89e2380a3e36c3464b5dd1302349b1382549290d-refs/branch-heads/4280@{#1761}), userDataDir=/tmp/.com.google.Chrome.cCKXJz}, timeouts={implicit=0, pageLoad=300000, script=30000}, pageLoadStrategy=normal, unhandledPromptBehavior=dismiss and notify, strictFileInteractability=false, platform=LINUX, proxy=Proxy(), goog:chromeOptions={debuggerAddress=localhost:35521}, acceptInsecureCerts=false, browserVersion=87.0.4280.88, browserName=chrome, javascriptEnabled=true, platformName=LINUX, setWindowRect=true, webauthn:virtualAuthenticators=true}]
Session ID: 57bd1e288ccbb7da4ed37d354078fe59
	at sun.reflect.NativeConstructorAccessorImpl.newInstance0(Native Method)
	at sun.reflect.NativeConstructorAccessorImpl.newInstance(NativeConstructorAccessorImpl.java:62)
	at sun.reflect.DelegatingConstructorAccessorImpl.newInstance(DelegatingConstructorAccessorImpl.java:45)
	at java.lang.reflect.Constructor.newInstance(Constructor.java:423)
	at org.openqa.selenium.remote.http.W3CHttpResponseCodec.createException(W3CHttpResponseCodec.java:185)
	at org.openqa.selenium.remote.http.W3CHttpResponseCodec.decode(W3CHttpResponseCodec.java:120)
	at org.openqa.selenium.remote.http.W3CHttpResponseCodec.decode(W3CHttpResponseCodec.java:49)
	at org.openqa.selenium.remote.HttpCommandExecutor.execute(HttpCommandExecutor.java:164)
	at org.openqa.selenium.remote.service.DriverCommandExecutor.execute(DriverCommandExecutor.java:82)
	at org.openqa.selenium.remote.RemoteWebDriver.execute(RemoteWebDriver.java:646)
	at org.openqa.selenium.remote.RemoteWebElement.execute(RemoteWebElement.java:275)
	at org.openqa.selenium.remote.RemoteWebElement.isDisplayed(RemoteWebElement.java:316)
	at flipcarttests.Addtocart.addToCart(Addtocart.java:53)
	at sun.reflect.NativeMethodAccessorImpl.invoke0(Native Method)
	at sun.reflect.NativeMethodAccessorImpl.invoke(NativeMethodAccessorImpl.java:62)
	at sun.reflect.DelegatingMethodAccessorImpl.invoke(DelegatingMethodAccessorImpl.java:43)
	at java.lang.reflect.Method.invoke(Method.java:498)
	at org.testng.internal.MethodInvocationHelper.invokeMethod(MethodInvocationHelper.java:108)
	at org.testng.internal.Invoker.invokeMethod(Invoker.java:661)
	at org.testng.internal.Invoker.invokeTestMethod(Invoker.java:869)
	at org.testng.internal.Invoker.invokeTestMethods(Invoker.java:1193)
	at org.testng.internal.TestMethodWorker.invokeTestMethods(TestMethodWorker.java:126)
	at org.testng.internal.TestMethodWorker.run(TestMethodWorker.java:109)
	at org.testng.TestRunner.privateRun(TestRunner.java:744)
	at org.testng.TestRunner.run(TestRunner.java:602)
	at org.testng.SuiteRunner.runTest(SuiteRunner.java:380)
	at org.testng.SuiteRunner.runSequentially(SuiteRunner.java:375)
	at org.testng.SuiteRunner.privateRun(SuiteRunner.java:340)
	at org.testng.SuiteRunner.run(SuiteRunner.java:289)
	at org.testng.SuiteRunnerWorker.runSuite(SuiteRunnerWorker.java:52)
	at org.testng.SuiteRunnerWorker.run(SuiteRunnerWorker.java:86)
	at org.testng.TestNG.runSuitesSequentially(TestNG.java:1301)
	at org.testng.TestNG.runSuitesLocally(TestNG.java:1226)
	at org.testng.TestNG.runSuites(TestNG.java:1144)
	at org.testng.TestNG.run(TestNG.java:1115)
	at org.testng.remote.AbstractRemoteTestNG.run(AbstractRemoteTestNG.java:126)
	at org.testng.remote.RemoteTestNG.initAndRun(RemoteTestNG.java:137)
	at org.testng.remote.RemoteTestNG.main(RemoteTestNG.java:58)
]]>
            </full-stacktrace>
          </exception> <!-- org.openqa.selenium.StaleElementReferenceException -->
          <reporter-output>
          </reporter-output>
        </test-method> <!-- addToCart -->
      </class> <!-- flipcarttests.Addtocart -->
    </test> <!-- Addtocart -->
  </suite> <!-- Suite -->
</testng-results>
