<?xml version="1.0" encoding="UTF-8"?>
<!-- Generated by org.testng.reporters.JUnitXMLReporter -->
<testsuite hostname="Samsung" ignored="0" name="Compareproducttest" tests="3" failures="0" timestamp="08 Jul 2021 07:42:06 GMT" time="5.285" errors="0">
  <testcase name="compareproducts" time="3.49" classname="flipcarttests.Compareproducttest"/>
  <testcase name="compareproduct" time="0.24" classname="flipcarttests.Compareproducttest"/>
  <testcase name="Printproductprice" time="1.519" classname="flipcarttests.Compareproducttest"/>
</testsuite> <!-- Compareproducttest -->
