<?xml version="1.0" encoding="UTF-8"?>
<!-- Generated by org.testng.reporters.JUnitXMLReporter -->
<testsuite hostname="Samsung" ignored="0" name="openflipcarttest" tests="5" failures="0" timestamp="08 Jul 2021 07:42:00 GMT" time="33.395" errors="0">
  <testcase name="googlesearch" time="0.927" classname="flipcarttests.openflipcarttest"/>
  <testcase name="googlesearchfound" time="0.554" classname="flipcarttests.openflipcarttest"/>
  <testcase name="onflipkartsite" time="7.818" classname="flipcarttests.openflipcarttest"/>
  <testcase name="closeloginwindow" time="0.502" classname="flipcarttests.openflipcarttest"/>
  <testcase name="gotoAppliances" time="2.287" classname="flipcarttests.openflipcarttest"/>
</testsuite> <!-- openflipcarttest -->
